<?xml version="1.0" encoding="UTF-8"?>
<testsuite xmlns:xsi="http://www.w3.org/2001/XMLSchema-instance" xsi:noNamespaceSchemaLocation="https://maven.apache.org/surefire/maven-surefire-plugin/xsd/surefire-test-report.xsd" version="3.0.2" name="AdminServicesTest" time="3.194" tests="12" errors="0" skipped="0" failures="0">
  <properties>
[...]
</properties>
  <testcase name="testFailedLogInAdmin" classname="AdminServicesTest" time="0.167">
    <system-out><![CDATA[Tables created succesfully
Wrong id or password
]]></system-out>
    <system-err><![CDATA[[main] WARN com.password4j.PropertyReader - bcrypt minor version is not defined. Default value is used (b). Please set property hash.bcrypt.minor in your psw4j.properties file.
[main] WARN com.password4j.PropertyReader - bcrypt rounds are not defined. Default value is used (10). Please set property hash.bcrypt.rounds in your psw4j.properties file.
[main] WARN com.password4j.PropertyReader - bcrypt minor version is not defined. Default value is used (b). Please set property hash.bcrypt.minor in your psw4j.properties file.
[main] WARN com.password4j.PropertyReader - bcrypt rounds are not defined. Default value is used (10). Please set property hash.bcrypt.rounds in your psw4j.properties file.
]]></system-err>
  </testcase>
  <testcase name="testSuccessIdLogFile" classname="AdminServicesTest" time="0.271">
    <system-out><![CDATA[[null] user : 44 -> 44 | Amount: 0.000000 | Target: 0
]]></system-out>
    <system-err><![CDATA[[main] WARN com.password4j.PropertyReader - bcrypt minor version is not defined. Default value is used (b). Please set property hash.bcrypt.minor in your psw4j.properties file.
[main] WARN com.password4j.PropertyReader - bcrypt rounds are not defined. Default value is used (10). Please set property hash.bcrypt.rounds in your psw4j.properties file.
]]></system-err>
  </testcase>
  <testcase name="testSuccessLogInAdmin" classname="AdminServicesTest" time="0.207">
    <system-err><![CDATA[[main] WARN com.password4j.PropertyReader - bcrypt minor version is not defined. Default value is used (b). Please set property hash.bcrypt.minor in your psw4j.properties file.
[main] WARN com.password4j.PropertyReader - bcrypt rounds are not defined. Default value is used (10). Please set property hash.bcrypt.rounds in your psw4j.properties file.
]]></system-err>
  </testcase>
  <testcase name="testEmptyIdLogFile" classname="AdminServicesTest" time="0.265">
    <system-out><![CDATA[There're no logs yet...
]]></system-out>
    <system-err><![CDATA[[main] WARN com.password4j.PropertyReader - bcrypt minor version is not defined. Default value is used (b). Please set property hash.bcrypt.minor in your psw4j.properties file.
[main] WARN com.password4j.PropertyReader - bcrypt rounds are not defined. Default value is used (10). Please set property hash.bcrypt.rounds in your psw4j.properties file.
]]></system-err>
  </testcase>
  <testcase name="testFailedCreateAccountByAdmin" classname="AdminServicesTest" time="0.002">
    <system-out><![CDATA[You entered empty values...
]]></system-out>
  </testcase>
  <testcase name="testSuccessfulCreateAccountByAdmin" classname="AdminServicesTest" time="0.22">
    <system-err><![CDATA[[main] WARN com.password4j.PropertyReader - bcrypt minor version is not defined. Default value is used (b). Please set property hash.bcrypt.minor in your psw4j.properties file.
[main] WARN com.password4j.PropertyReader - bcrypt rounds are not defined. Default value is used (10). Please set property hash.bcrypt.rounds in your psw4j.properties file.
]]></system-err>
  </testcase>
  <testcase name="testFailedDeleteAccountByAdmin" classname="AdminServicesTest" time="0.273">
    <system-out><![CDATA[Your balance must be zero to delete account...
]]></system-out>
    <system-err><![CDATA[[main] WARN com.password4j.PropertyReader - bcrypt minor version is not defined. Default value is used (b). Please set property hash.bcrypt.minor in your psw4j.properties file.
[main] WARN com.password4j.PropertyReader - bcrypt rounds are not defined. Default value is used (10). Please set property hash.bcrypt.rounds in your psw4j.properties file.
]]></system-err>
  </testcase>
  <testcase name="testSuccessListAccounts" classname="AdminServicesTest" time="0.51">
    <system-out><![CDATA[|______________________________________________|
|-------------------Accounts-------------------|
|_____|______________________________|_________|
|   48|                   alice|    0.00| user|
|   49|                     bob|    0.00| user|
|----------------------------------------------|
|--------------------------Listed %3d accounts-|
|______________________________________________|
]]></system-out>
    <system-err><![CDATA[[main] WARN com.password4j.PropertyReader - bcrypt minor version is not defined. Default value is used (b). Please set property hash.bcrypt.minor in your psw4j.properties file.
[main] WARN com.password4j.PropertyReader - bcrypt rounds are not defined. Default value is used (10). Please set property hash.bcrypt.rounds in your psw4j.properties file.
[main] WARN com.password4j.PropertyReader - bcrypt minor version is not defined. Default value is used (b). Please set property hash.bcrypt.minor in your psw4j.properties file.
[main] WARN com.password4j.PropertyReader - bcrypt rounds are not defined. Default value is used (10). Please set property hash.bcrypt.rounds in your psw4j.properties file.
]]></system-err>
  </testcase>
  <testcase name="testSuccessfulDeleteAccountByAdmin" classname="AdminServicesTest" time="0.232">
    <system-err><![CDATA[[main] WARN com.password4j.PropertyReader - bcrypt minor version is not defined. Default value is used (b). Please set property hash.bcrypt.minor in your psw4j.properties file.
[main] WARN com.password4j.PropertyReader - bcrypt rounds are not defined. Default value is used (10). Please set property hash.bcrypt.rounds in your psw4j.properties file.
]]></system-err>
  </testcase>
  <testcase name="testSuccessListLogs" classname="AdminServicesTest" time="0.261">
    <system-out><![CDATA[[2026-09-25 21:02:23] ID: 51 -> ADMIN_CREATE_ACCOUNT | Amount: null | Target: null
]]></system-out>
    <system-err><![CDATA[[main] WARN com.password4j.PropertyReader - bcrypt minor version is not defined. Default value is used (b). Please set property hash.bcrypt.minor in your psw4j.properties file.
[main] WARN com.password4j.PropertyReader - bcrypt rounds are not defined. Default value is used (10). Please set property hash.bcrypt.rounds in your psw4j.properties file.
]]></system-err>
  </testcase>
  <testcase name="testEmptyLogFile" classname="AdminServicesTest" time="0.022">
    <system-out><![CDATA[There're no logs yet...
]]></system-out>
  </testcase>
  <testcase name="testSuccessTotalBalance" classname="AdminServicesTest" time="0.584">
    <system-err><![CDATA[[main] WARN com.password4j.PropertyReader - bcrypt minor version is not defined. Default value is used (b). Please set property hash.bcrypt.minor in your psw4j.properties file.
[main] WARN com.password4j.PropertyReader - bcrypt rounds are not defined. Default value is used (10). Please set property hash.bcrypt.rounds in your psw4j.properties file.
[main] WARN com.password4j.PropertyReader - bcrypt minor version is not defined. Default value is used (b). Please set property hash.bcrypt.minor in your psw4j.properties file.
[main] WARN com.password4j.PropertyReader - bcrypt rounds are not defined. Default value is used (10). Please set property hash.bcrypt.rounds in your psw4j.properties file.
]]></system-err>
  </testcase>
</testsuite>