<?xml version="1.0" encoding="UTF-8"?>
<testsuite xmlns:xsi="http://www.w3.org/2001/XMLSchema-instance" xsi:noNamespaceSchemaLocation="https://maven.apache.org/surefire/maven-surefire-plugin/xsd/surefire-test-report.xsd" version="3.0.2" name="AccountsTest" time="0.691" tests="8" errors="0" skipped="0" failures="0">
  <properties>
[...]
</properties>
  <testcase name="testNullSetName" classname="AccountsTest" time="0.03">
    <system-out><![CDATA[Tables created succesfully
]]></system-out>
    <system-err><![CDATA[[main] WARN com.password4j.PropertyReader - bcrypt minor version is not defined. Default value is used (b). Please set property hash.bcrypt.minor in your psw4j.properties file.
[main] WARN com.password4j.PropertyReader - bcrypt rounds are not defined. Default value is used (10). Please set property hash.bcrypt.rounds in your psw4j.properties file.
]]></system-err>
  </testcase>
  <testcase name="testNullSetPassword" classname="AccountsTest" time="0.002"/>
  <testcase name="testBigSetName" classname="AccountsTest" time="0.002"/>
  <testcase name="testSuccessfulSetPassword" classname="AccountsTest" time="0.001"/>
  <testcase name="testSuccessfulSetName" classname="AccountsTest" time="0.001"/>
  <testcase name="testSuccessfulSetRole" classname="AccountsTest" time="0.001"/>
  <testcase name="testBigSetPassword" classname="AccountsTest" time="0.002"/>
  <testcase name="testFailedSetRole" classname="AccountsTest" time="0.001"/>
</testsuite>